cmd.optionValue 0x8
do_logging 8

Info: /OSCI/SystemC: Simulation stopped by user.
====================================================================
	load statistics
====================================================================
CPU0 total processing time: 126150 ns
CPU0 total transfer time  : 25549002 ps
CPU0 load: processing 82.1%, transferring 16.6%, in sum: 98.8%.
bus total transfer time  : 28098 ns
bus load: transferring 18.3%.
====================================================================
	packet statistics
====================================================================
n_packets_received = 100
n_packets_dropped_input_mac = 32
n_packets_sent = 29

latency:
	min: 5523 ns
	max: 100918 ns
	avg: 58402139 ps
io_module.eth3_out sent out 0 packets
io_module.eth2_out sent out 12 packets
io_module.eth1_out sent out 0 packets
io_module.eth0_out sent out 17 packets
io_module.eth3_in received 14 packets.
io_module.eth2_in received 60 packets.
io_module.eth1_in received 13 packets.
io_module.eth0_in received 17 packets.
